<?xml version="1.0" encoding="UTF-8"?>
<!-- Generated by org.testng.reporters.JUnitReportReporter -->
<testsuite hostname="DESKTOP-35HBDVU" failures="0" tests="1" name="com.app.test.Sample_Ann" time="0.011" errors="0" timestamp="2023-11-09T06:31:19 IST" skipped="0">
  <testcase classname="com.app.test.Sample_Ann" name="test1" time="0.011"/>
</testsuite> <!-- com.app.test.Sample_Ann -->
