<?xml version="1.0" encoding="UTF-8"?>
<!-- Generated by org.testng.reporters.JUnitReportReporter -->
<testsuite hostname="DESKTOP-35HBDVU" failures="0" tests="3" name="com.app.test.Sample_Group2" time="0.003" errors="0" timestamp="2023-11-05T11:54:35 IST" skipped="0">
  <testcase classname="com.app.test.Sample_Group2" name="test5" time="0.001"/>
  <testcase classname="com.app.test.Sample_Group2" name="test4" time="0.001"/>
  <testcase classname="com.app.test.Sample_Group2" name="test6" time="0.001"/>
</testsuite> <!-- com.app.test.Sample_Group2 -->
