<?xml version="1.0" encoding="UTF-8"?>
<!-- Generated by org.testng.reporters.JUnitReportReporter -->
<testsuite hostname="Inbaraja-Lap" failures="0" tests="2" name="com.app.test.CrossBrowser_Test" time="21.268" errors="0" timestamp="2023-12-29T19:42:00 IST" skipped="0">
  <testcase classname="com.app.test.CrossBrowser_Test" name="test1" time="14.090"/>
  <testcase classname="com.app.test.CrossBrowser_Test" name="test1" time="7.178"/>
</testsuite> <!-- com.app.test.CrossBrowser_Test -->
