<?xml version="1.0" encoding="UTF-8"?>
<!-- Generated by org.testng.reporters.JUnitReportReporter -->
<testsuite hostname="DESKTOP-35HBDVU" failures="0" tests="3" name="com.app.test.Test_Param" time="0.010" errors="0" timestamp="2023-11-05T11:43:01 IST" skipped="0">
  <testcase classname="com.app.test.Test_Param" name="test1" time="0.007"/>
  <testcase classname="com.app.test.Test_Param" name="test2" time="0.001"/>
  <testcase classname="com.app.test.Test_Param" name="test3" time="0.002"/>
</testsuite> <!-- com.app.test.Test_Param -->
