<?xml version="1.0" encoding="UTF-8"?>
<!-- Generated by org.testng.reporters.JUnitReportReporter -->
<testsuite hostname="Inbaraja-Lap" failures="0" tests="3" name="com.app.test.Dataprovider_Test1" time="0.023" errors="0" timestamp="2023-11-17T10:37:00 IST" skipped="0">
  <testcase classname="com.app.test.Dataprovider_Test1" name="test1" time="0.017"/>
  <testcase classname="com.app.test.Dataprovider_Test1" name="test1" time="0.003"/>
  <testcase classname="com.app.test.Dataprovider_Test1" name="test1" time="0.003"/>
</testsuite> <!-- com.app.test.Dataprovider_Test1 -->
