<?xml version="1.0" encoding="UTF-8"?>
<!-- Generated by org.testng.reporters.JUnitReportReporter -->
<testsuite hostname="DESKTOP-35HBDVU" failures="0" tests="2" name="com.app.test.Parallel_Test" time="0.907" errors="0" timestamp="2023-11-09T06:45:13 IST" skipped="0">
  <testcase classname="com.app.test.Parallel_Test" name="test1" time="0.485"/>
  <testcase classname="com.app.test.Parallel_Test" name="test1" time="0.422"/>
</testsuite> <!-- com.app.test.Parallel_Test -->
