<?xml version="1.0" encoding="UTF-8"?>
<!-- Generated by org.testng.reporters.JUnitReportReporter -->
<testsuite hostname="Inbaraja-Lap" failures="0" tests="1" name="com.app.test.Sample_Exclude" time="0.027" errors="0" timestamp="2023-12-29T19:44:02 IST" skipped="0">
  <testcase classname="com.app.test.Sample_Exclude" name="test5" time="0.027"/>
</testsuite> <!-- com.app.test.Sample_Exclude -->
