<?xml version="1.0" encoding="UTF-8"?>
<!-- Generated by org.testng.reporters.JUnitReportReporter -->
<testsuite hostname="DESKTOP-35HBDVU" failures="0" tests="6" name="com.app.test.Parallel_Class" time="0.040" errors="0" timestamp="2023-11-09T06:27:04 IST" skipped="0">
  <testcase classname="com.app.test.Parallel_Class" name="test1" time="0.020"/>
  <testcase classname="com.app.test.Parallel_Class" name="test4" time="0.003"/>
  <testcase classname="com.app.test.Parallel_Class" name="test6" time="0.006"/>
  <testcase classname="com.app.test.Parallel_Class" name="test3" time="0.003"/>
  <testcase classname="com.app.test.Parallel_Class" name="test5" time="0.006"/>
  <testcase classname="com.app.test.Parallel_Class" name="test2" time="0.002"/>
</testsuite> <!-- com.app.test.Parallel_Class -->
