<?xml version="1.0" encoding="UTF-8"?>
<!-- Generated by org.testng.reporters.JUnitReportReporter -->
<testsuite hostname="DESKTOP-35HBDVU" failures="0" tests="3" name="com.app.test.Sample_Group1" time="0.011" errors="0" timestamp="2023-11-05T11:54:35 IST" skipped="0">
  <testcase classname="com.app.test.Sample_Group1" name="test3" time="0.001"/>
  <testcase classname="com.app.test.Sample_Group1" name="test1" time="0.009"/>
  <testcase classname="com.app.test.Sample_Group1" name="test2" time="0.001"/>
</testsuite> <!-- com.app.test.Sample_Group1 -->
