<?xml version="1.0" encoding="UTF-8"?>
<!-- Generated by org.testng.reporters.JUnitReportReporter -->
<testsuite hostname="DESKTOP-35HBDVU" failures="0" tests="3" name="com.app.test.Dataprovider_Test" time="0.008" errors="0" timestamp="2023-11-11T06:20:11 IST" skipped="0">
  <testcase classname="com.app.test.Dataprovider_Test" name="test1" time="0.002"/>
  <testcase classname="com.app.test.Dataprovider_Test" name="test1" time="0.000"/>
  <testcase classname="com.app.test.Dataprovider_Test" name="test1" time="0.006"/>
</testsuite> <!-- com.app.test.Dataprovider_Test -->
